{"D:\\codes\\projects\\a-freelancer-marketplace-major\\backend\\src\\constants\\index.ts": {"path":"D:\\codes\\projects\\a-freelancer-marketplace-major\\backend\\src\\constants\\index.ts","statementMap":{"0":{"start":{"line":4,"column":27},"end":{"line":13,"column":null}},"1":{"start":{"line":18,"column":29},"end":{"line":68,"column":null}},"2":{"start":{"line":31,"column":24},"end":{"line":31,"column":null}},"3":{"start":{"line":33,"column":40},"end":{"line":33,"column":null}},"4":{"start":{"line":39,"column":24},"end":{"line":39,"column":null}},"5":{"start":{"line":40,"column":28},"end":{"line":40,"column":null}},"6":{"start":{"line":44,"column":28},"end":{"line":44,"column":null}},"7":{"start":{"line":46,"column":24},"end":{"line":46,"column":null}},"8":{"start":{"line":47,"column":28},"end":{"line":47,"column":null}},"9":{"start":{"line":51,"column":24},"end":{"line":51,"column":null}},"10":{"start":{"line":52,"column":28},"end":{"line":52,"column":null}},"11":{"start":{"line":53,"column":28},"end":{"line":53,"column":null}},"12":{"start":{"line":54,"column":30},"end":{"line":54,"column":null}},"13":{"start":{"line":55,"column":29},"end":{"line":55,"column":null}},"14":{"start":{"line":60,"column":29},"end":{"line":60,"column":null}},"15":{"start":{"line":62,"column":28},"end":{"line":62,"column":null}},"16":{"start":{"line":64,"column":37},"end":{"line":64,"column":null}},"17":{"start":{"line":66,"column":31},"end":{"line":66,"column":null}},"18":{"start":{"line":70,"column":21},"end":{"line":81,"column":null}}},"fnMap":{"0":{"name":"(anonymous_0)","decl":{"start":{"line":31,"column":4},"end":{"line":31,"column":9}},"loc":{"start":{"line":31,"column":24},"end":{"line":31,"column":null}},"line":31},"1":{"name":"(anonymous_1)","decl":{"start":{"line":33,"column":4},"end":{"line":33,"column":22}},"loc":{"start":{"line":33,"column":40},"end":{"line":33,"column":null}},"line":33},"2":{"name":"(anonymous_2)","decl":{"start":{"line":39,"column":4},"end":{"line":39,"column":9}},"loc":{"start":{"line":39,"column":24},"end":{"line":39,"column":null}},"line":39},"3":{"name":"(anonymous_3)","decl":{"start":{"line":40,"column":4},"end":{"line":40,"column":13}},"loc":{"start":{"line":40,"column":28},"end":{"line":40,"column":null}},"line":40},"4":{"name":"(anonymous_4)","decl":{"start":{"line":44,"column":4},"end":{"line":44,"column":10}},"loc":{"start":{"line":44,"column":28},"end":{"line":44,"column":null}},"line":44},"5":{"name":"(anonymous_5)","decl":{"start":{"line":46,"column":4},"end":{"line":46,"column":9}},"loc":{"start":{"line":46,"column":24},"end":{"line":46,"column":null}},"line":46},"6":{"name":"(anonymous_6)","decl":{"start":{"line":47,"column":4},"end":{"line":47,"column":13}},"loc":{"start":{"line":47,"column":28},"end":{"line":47,"column":null}},"line":47},"7":{"name":"(anonymous_7)","decl":{"start":{"line":51,"column":4},"end":{"line":51,"column":9}},"loc":{"start":{"line":51,"column":24},"end":{"line":51,"column":null}},"line":51},"8":{"name":"(anonymous_8)","decl":{"start":{"line":52,"column":4},"end":{"line":52,"column":13}},"loc":{"start":{"line":52,"column":28},"end":{"line":52,"column":null}},"line":52},"9":{"name":"(anonymous_9)","decl":{"start":{"line":53,"column":4},"end":{"line":53,"column":13}},"loc":{"start":{"line":53,"column":28},"end":{"line":53,"column":null}},"line":53},"10":{"name":"(anonymous_10)","decl":{"start":{"line":54,"column":4},"end":{"line":54,"column":15}},"loc":{"start":{"line":54,"column":30},"end":{"line":54,"column":null}},"line":54},"11":{"name":"(anonymous_11)","decl":{"start":{"line":55,"column":4},"end":{"line":55,"column":14}},"loc":{"start":{"line":55,"column":29},"end":{"line":55,"column":null}},"line":55},"12":{"name":"(anonymous_12)","decl":{"start":{"line":60,"column":4},"end":{"line":60,"column":14}},"loc":{"start":{"line":60,"column":29},"end":{"line":60,"column":null}},"line":60},"13":{"name":"(anonymous_13)","decl":{"start":{"line":62,"column":4},"end":{"line":62,"column":13}},"loc":{"start":{"line":62,"column":28},"end":{"line":62,"column":null}},"line":62},"14":{"name":"(anonymous_14)","decl":{"start":{"line":64,"column":4},"end":{"line":64,"column":22}},"loc":{"start":{"line":64,"column":37},"end":{"line":64,"column":null}},"line":64},"15":{"name":"(anonymous_15)","decl":{"start":{"line":66,"column":4},"end":{"line":66,"column":16}},"loc":{"start":{"line":66,"column":31},"end":{"line":66,"column":null}},"line":66}},"branchMap":{},"s":{"0":1,"1":1,"2":0,"3":0,"4":0,"5":0,"6":0,"7":0,"8":0,"9":0,"10":0,"11":0,"12":0,"13":0,"14":0,"15":0,"16":0,"17":0,"18":1},"f":{"0":0,"1":0,"2":0,"3":0,"4":0,"5":0,"6":0,"7":0,"8":0,"9":0,"10":0,"11":0,"12":0,"13":0,"14":0,"15":0},"b":{},"meta":{"lastBranch":0,"lastFunction":16,"lastStatement":19,"seen":{"s:4:27:13:Infinity":0,"s:18:29:68:Infinity":1,"f:31:4:31:9":0,"s:31:24:31:Infinity":2,"f:33:4:33:22":1,"s:33:40:33:Infinity":3,"f:39:4:39:9":2,"s:39:24:39:Infinity":4,"f:40:4:40:13":3,"s:40:28:40:Infinity":5,"f:44:4:44:10":4,"s:44:28:44:Infinity":6,"f:46:4:46:9":5,"s:46:24:46:Infinity":7,"f:47:4:47:13":6,"s:47:28:47:Infinity":8,"f:51:4:51:9":7,"s:51:24:51:Infinity":9,"f:52:4:52:13":8,"s:52:28:52:Infinity":10,"f:53:4:53:13":9,"s:53:28:53:Infinity":11,"f:54:4:54:15":10,"s:54:30:54:Infinity":12,"f:55:4:55:14":11,"s:55:29:55:Infinity":13,"f:60:4:60:14":12,"s:60:29:60:Infinity":14,"f:62:4:62:13":13,"s:62:28:62:Infinity":15,"f:64:4:64:22":14,"s:64:37:64:Infinity":16,"f:66:4:66:16":15,"s:66:31:66:Infinity":17,"s:70:21:81:Infinity":18}}}
,"D:\\codes\\projects\\a-freelancer-marketplace-major\\backend\\src\\services\\freelancer.service.ts": {"path":"D:\\codes\\projects\\a-freelancer-marketplace-major\\backend\\src\\services\\freelancer.service.ts","statementMap":{"0":{"start":{"line":16,"column":23},"end":{"line":16,"column":43}},"1":{"start":{"line":17,"column":4},"end":{"line":17,"column":null}},"2":{"start":{"line":18,"column":4},"end":{"line":18,"column":null}},"3":{"start":{"line":25,"column":4},"end":{"line":28,"column":null}},"4":{"start":{"line":35,"column":4},"end":{"line":35,"column":null}},"5":{"start":{"line":45,"column":4},"end":{"line":49,"column":null}},"6":{"start":{"line":56,"column":4},"end":{"line":56,"column":null}},"7":{"start":{"line":63,"column":23},"end":{"line":63,"column":65}},"8":{"start":{"line":64,"column":4},"end":{"line":64,"column":null}},"9":{"start":{"line":79,"column":10},"end":{"line":79,"column":null}},"10":{"start":{"line":80,"column":33},"end":{"line":87,"column":6}},"11":{"start":{"line":89,"column":4},"end":{"line":94,"column":null}},"12":{"start":{"line":110,"column":10},"end":{"line":110,"column":null}},"13":{"start":{"line":111,"column":18},"end":{"line":111,"column":45}},"14":{"start":{"line":113,"column":33},"end":{"line":120,"column":6}},"15":{"start":{"line":122,"column":4},"end":{"line":127,"column":null}},"16":{"start":{"line":137,"column":4},"end":{"line":141,"column":null}},"17":{"start":{"line":151,"column":23},"end":{"line":151,"column":65}},"18":{"start":{"line":152,"column":4},"end":{"line":153,"column":null}},"19":{"start":{"line":153,"column":6},"end":{"line":153,"column":null}},"20":{"start":{"line":156,"column":4},"end":{"line":156,"column":null}},"21":{"start":{"line":157,"column":4},"end":{"line":157,"column":null}},"22":{"start":{"line":158,"column":4},"end":{"line":158,"column":null}},"23":{"start":{"line":168,"column":4},"end":{"line":172,"column":null}},"24":{"start":{"line":179,"column":4},"end":{"line":183,"column":null}},"25":{"start":{"line":187,"column":33},"end":{"line":187,"column":56}}},"fnMap":{"0":{"name":"(anonymous_0)","decl":{"start":{"line":15,"column":8},"end":{"line":15,"column":25}},"loc":{"start":{"line":15,"column":75},"end":{"line":18,"column":null}},"line":15},"1":{"name":"(anonymous_1)","decl":{"start":{"line":24,"column":8},"end":{"line":24,"column":21}},"loc":{"start":{"line":24,"column":66},"end":{"line":28,"column":null}},"line":24},"2":{"name":"(anonymous_2)","decl":{"start":{"line":34,"column":8},"end":{"line":34,"column":17}},"loc":{"start":{"line":34,"column":58},"end":{"line":35,"column":null}},"line":34},"3":{"name":"(anonymous_3)","decl":{"start":{"line":41,"column":8},"end":{"line":41,"column":null}},"loc":{"start":{"line":44,"column":33},"end":{"line":49,"column":null}},"line":44},"4":{"name":"(anonymous_4)","decl":{"start":{"line":55,"column":8},"end":{"line":55,"column":25}},"loc":{"start":{"line":55,"column":70},"end":{"line":56,"column":null}},"line":55},"5":{"name":"(anonymous_5)","decl":{"start":{"line":62,"column":8},"end":{"line":62,"column":22}},"loc":{"start":{"line":62,"column":56},"end":{"line":64,"column":null}},"line":62},"6":{"name":"(anonymous_6)","decl":{"start":{"line":70,"column":8},"end":{"line":70,"column":null}},"loc":{"start":{"line":78,"column":5},"end":{"line":94,"column":null}},"line":78},"7":{"name":"(anonymous_7)","decl":{"start":{"line":100,"column":8},"end":{"line":100,"column":null}},"loc":{"start":{"line":109,"column":5},"end":{"line":127,"column":null}},"line":109},"8":{"name":"(anonymous_8)","decl":{"start":{"line":133,"column":8},"end":{"line":133,"column":null}},"loc":{"start":{"line":136,"column":33},"end":{"line":141,"column":null}},"line":136},"9":{"name":"(anonymous_9)","decl":{"start":{"line":147,"column":8},"end":{"line":147,"column":null}},"loc":{"start":{"line":150,"column":33},"end":{"line":158,"column":null}},"line":150},"10":{"name":"(anonymous_10)","decl":{"start":{"line":164,"column":8},"end":{"line":164,"column":null}},"loc":{"start":{"line":167,"column":33},"end":{"line":172,"column":null}},"line":167},"11":{"name":"(anonymous_11)","decl":{"start":{"line":178,"column":8},"end":{"line":178,"column":27}},"loc":{"start":{"line":178,"column":78},"end":{"line":183,"column":null}},"line":178}},"branchMap":{"0":{"loc":{"start":{"line":71,"column":4},"end":{"line":71,"column":null}},"type":"default-arg","locations":[{"start":{"line":71,"column":19},"end":{"line":71,"column":null}}],"line":71},"1":{"loc":{"start":{"line":72,"column":4},"end":{"line":72,"column":null}},"type":"default-arg","locations":[{"start":{"line":72,"column":20},"end":{"line":72,"column":null}}],"line":72},"2":{"loc":{"start":{"line":102,"column":4},"end":{"line":102,"column":null}},"type":"default-arg","locations":[{"start":{"line":102,"column":19},"end":{"line":102,"column":null}}],"line":102},"3":{"loc":{"start":{"line":103,"column":4},"end":{"line":103,"column":null}},"type":"default-arg","locations":[{"start":{"line":103,"column":20},"end":{"line":103,"column":null}}],"line":103},"4":{"loc":{"start":{"line":152,"column":4},"end":{"line":153,"column":null}},"type":"if","locations":[{"start":{"line":152,"column":4},"end":{"line":153,"column":null}},{"start":{},"end":{}}],"line":152},"5":{"loc":{"start":{"line":152,"column":8},"end":{"line":152,"column":74}},"type":"binary-expr","locations":[{"start":{"line":152,"column":8},"end":{"line":152,"column":23}},{"start":{"line":152,"column":23},"end":{"line":152,"column":36}},{"start":{"line":152,"column":36},"end":{"line":152,"column":74}}],"line":152}},"s":{"0":0,"1":0,"2":0,"3":1,"4":1,"5":1,"6":1,"7":2,"8":2,"9":0,"10":0,"11":0,"12":0,"13":0,"14":0,"15":0,"16":1,"17":2,"18":2,"19":1,"20":1,"21":1,"22":1,"23":1,"24":1,"25":1},"f":{"0":0,"1":1,"2":1,"3":1,"4":1,"5":2,"6":0,"7":0,"8":1,"9":2,"10":1,"11":1},"b":{"0":[0],"1":[0],"2":[0],"3":[0],"4":[1,1],"5":[2,2,2]},"meta":{"lastBranch":6,"lastFunction":12,"lastStatement":26,"seen":{"f:15:8:15:25":0,"s:16:23:16:43":0,"s:17:4:17:Infinity":1,"s:18:4:18:Infinity":2,"f:24:8:24:21":1,"s:25:4:28:Infinity":3,"f:34:8:34:17":2,"s:35:4:35:Infinity":4,"f:41:8:41:Infinity":3,"s:45:4:49:Infinity":5,"f:55:8:55:25":4,"s:56:4:56:Infinity":6,"f:62:8:62:22":5,"s:63:23:63:65":7,"s:64:4:64:Infinity":8,"f:70:8:70:Infinity":6,"b:71:19:71:Infinity":0,"b:72:20:72:Infinity":1,"s:79:10:79:Infinity":9,"s:80:33:87:6":10,"s:89:4:94:Infinity":11,"f:100:8:100:Infinity":7,"b:102:19:102:Infinity":2,"b:103:20:103:Infinity":3,"s:110:10:110:Infinity":12,"s:111:18:111:45":13,"s:113:33:120:6":14,"s:122:4:127:Infinity":15,"f:133:8:133:Infinity":8,"s:137:4:141:Infinity":16,"f:147:8:147:Infinity":9,"s:151:23:151:65":17,"b:152:4:153:Infinity:undefined:undefined:undefined:undefined":4,"s:152:4:153:Infinity":18,"b:152:8:152:23:152:23:152:36:152:36:152:74":5,"s:153:6:153:Infinity":19,"s:156:4:156:Infinity":20,"s:157:4:157:Infinity":21,"s:158:4:158:Infinity":22,"f:164:8:164:Infinity":10,"s:168:4:172:Infinity":23,"f:178:8:178:27":11,"s:179:4:183:Infinity":24,"s:187:33:187:56":25}}}
,"D:\\codes\\projects\\a-freelancer-marketplace-major\\backend\\src\\services\\job.service.ts": {"path":"D:\\codes\\projects\\a-freelancer-marketplace-major\\backend\\src\\services\\job.service.ts","statementMap":{"0":{"start":{"line":12,"column":16},"end":{"line":12,"column":29}},"1":{"start":{"line":13,"column":4},"end":{"line":13,"column":null}},"2":{"start":{"line":14,"column":4},"end":{"line":14,"column":null}},"3":{"start":{"line":21,"column":4},"end":{"line":21,"column":null}},"4":{"start":{"line":37,"column":10},"end":{"line":37,"column":null}},"5":{"start":{"line":38,"column":18},"end":{"line":38,"column":42}},"6":{"start":{"line":40,"column":26},"end":{"line":47,"column":6}},"7":{"start":{"line":49,"column":4},"end":{"line":54,"column":null}},"8":{"start":{"line":70,"column":10},"end":{"line":70,"column":null}},"9":{"start":{"line":71,"column":18},"end":{"line":71,"column":38}},"10":{"start":{"line":73,"column":26},"end":{"line":80,"column":6}},"11":{"start":{"line":82,"column":4},"end":{"line":87,"column":null}},"12":{"start":{"line":103,"column":10},"end":{"line":103,"column":null}},"13":{"start":{"line":104,"column":43},"end":{"line":104,"column":45}},"14":{"start":{"line":107,"column":4},"end":{"line":107,"column":null}},"15":{"start":{"line":109,"column":4},"end":{"line":110,"column":null}},"16":{"start":{"line":110,"column":6},"end":{"line":110,"column":null}},"17":{"start":{"line":113,"column":4},"end":{"line":114,"column":null}},"18":{"start":{"line":114,"column":6},"end":{"line":114,"column":null}},"19":{"start":{"line":117,"column":4},"end":{"line":118,"column":null}},"20":{"start":{"line":118,"column":6},"end":{"line":118,"column":null}},"21":{"start":{"line":121,"column":4},"end":{"line":127,"column":null}},"22":{"start":{"line":122,"column":6},"end":{"line":122,"column":null}},"23":{"start":{"line":123,"column":6},"end":{"line":124,"column":null}},"24":{"start":{"line":124,"column":9},"end":{"line":124,"column":null}},"25":{"start":{"line":126,"column":6},"end":{"line":127,"column":null}},"26":{"start":{"line":127,"column":9},"end":{"line":127,"column":null}},"27":{"start":{"line":131,"column":26},"end":{"line":138,"column":6}},"28":{"start":{"line":140,"column":4},"end":{"line":145,"column":null}},"29":{"start":{"line":152,"column":4},"end":{"line":155,"column":null}},"30":{"start":{"line":165,"column":4},"end":{"line":168,"column":null}},"31":{"start":{"line":175,"column":4},"end":{"line":175,"column":null}},"32":{"start":{"line":182,"column":16},"end":{"line":182,"column":41}},"33":{"start":{"line":183,"column":4},"end":{"line":183,"column":null}},"34":{"start":{"line":187,"column":26},"end":{"line":187,"column":42}}},"fnMap":{"0":{"name":"(anonymous_0)","decl":{"start":{"line":11,"column":8},"end":{"line":11,"column":18}},"loc":{"start":{"line":11,"column":54},"end":{"line":14,"column":null}},"line":11},"1":{"name":"(anonymous_1)","decl":{"start":{"line":20,"column":8},"end":{"line":20,"column":17}},"loc":{"start":{"line":20,"column":51},"end":{"line":21,"column":null}},"line":20},"2":{"name":"(anonymous_2)","decl":{"start":{"line":27,"column":8},"end":{"line":27,"column":null}},"loc":{"start":{"line":36,"column":5},"end":{"line":54,"column":null}},"line":36},"3":{"name":"(anonymous_3)","decl":{"start":{"line":60,"column":8},"end":{"line":60,"column":null}},"loc":{"start":{"line":69,"column":5},"end":{"line":87,"column":null}},"line":69},"4":{"name":"(anonymous_4)","decl":{"start":{"line":93,"column":8},"end":{"line":93,"column":null}},"loc":{"start":{"line":102,"column":5},"end":{"line":145,"column":null}},"line":102},"5":{"name":"(anonymous_5)","decl":{"start":{"line":151,"column":8},"end":{"line":151,"column":18}},"loc":{"start":{"line":151,"column":76},"end":{"line":155,"column":null}},"line":151},"6":{"name":"(anonymous_6)","decl":{"start":{"line":161,"column":8},"end":{"line":161,"column":null}},"loc":{"start":{"line":164,"column":26},"end":{"line":168,"column":null}},"line":164},"7":{"name":"(anonymous_7)","decl":{"start":{"line":174,"column":8},"end":{"line":174,"column":18}},"loc":{"start":{"line":174,"column":55},"end":{"line":175,"column":null}},"line":174},"8":{"name":"(anonymous_8)","decl":{"start":{"line":181,"column":8},"end":{"line":181,"column":19}},"loc":{"start":{"line":181,"column":68},"end":{"line":183,"column":null}},"line":181}},"branchMap":{"0":{"loc":{"start":{"line":28,"column":4},"end":{"line":28,"column":null}},"type":"default-arg","locations":[{"start":{"line":28,"column":19},"end":{"line":28,"column":null}}],"line":28},"1":{"loc":{"start":{"line":29,"column":4},"end":{"line":29,"column":null}},"type":"default-arg","locations":[{"start":{"line":29,"column":20},"end":{"line":29,"column":null}}],"line":29},"2":{"loc":{"start":{"line":30,"column":4},"end":{"line":30,"column":null}},"type":"default-arg","locations":[{"start":{"line":30,"column":21},"end":{"line":30,"column":null}}],"line":30},"3":{"loc":{"start":{"line":38,"column":18},"end":{"line":38,"column":42}},"type":"cond-expr","locations":[{"start":{"line":38,"column":27},"end":{"line":38,"column":37}},{"start":{"line":38,"column":40},"end":{"line":38,"column":42}}],"line":38},"4":{"loc":{"start":{"line":62,"column":4},"end":{"line":62,"column":null}},"type":"default-arg","locations":[{"start":{"line":62,"column":19},"end":{"line":62,"column":null}}],"line":62},"5":{"loc":{"start":{"line":63,"column":4},"end":{"line":63,"column":null}},"type":"default-arg","locations":[{"start":{"line":63,"column":20},"end":{"line":63,"column":null}}],"line":63},"6":{"loc":{"start":{"line":95,"column":4},"end":{"line":95,"column":null}},"type":"default-arg","locations":[{"start":{"line":95,"column":19},"end":{"line":95,"column":null}}],"line":95},"7":{"loc":{"start":{"line":96,"column":4},"end":{"line":96,"column":null}},"type":"default-arg","locations":[{"start":{"line":96,"column":20},"end":{"line":96,"column":null}}],"line":96},"8":{"loc":{"start":{"line":107,"column":19},"end":{"line":107,"column":null}},"type":"binary-expr","locations":[{"start":{"line":107,"column":19},"end":{"line":107,"column":37}},{"start":{"line":107,"column":37},"end":{"line":107,"column":null}}],"line":107},"9":{"loc":{"start":{"line":109,"column":4},"end":{"line":110,"column":null}},"type":"if","locations":[{"start":{"line":109,"column":4},"end":{"line":110,"column":null}},{"start":{},"end":{}}],"line":109},"10":{"loc":{"start":{"line":109,"column":8},"end":{"line":109,"column":53}},"type":"binary-expr","locations":[{"start":{"line":109,"column":8},"end":{"line":109,"column":26}},{"start":{"line":109,"column":26},"end":{"line":109,"column":53}}],"line":109},"11":{"loc":{"start":{"line":113,"column":4},"end":{"line":114,"column":null}},"type":"if","locations":[{"start":{"line":113,"column":4},"end":{"line":114,"column":null}},{"start":{},"end":{}}],"line":113},"12":{"loc":{"start":{"line":117,"column":4},"end":{"line":118,"column":null}},"type":"if","locations":[{"start":{"line":117,"column":4},"end":{"line":118,"column":null}},{"start":{},"end":{}}],"line":117},"13":{"loc":{"start":{"line":121,"column":4},"end":{"line":127,"column":null}},"type":"if","locations":[{"start":{"line":121,"column":4},"end":{"line":127,"column":null}},{"start":{},"end":{}}],"line":121},"14":{"loc":{"start":{"line":121,"column":8},"end":{"line":121,"column":76}},"type":"binary-expr","locations":[{"start":{"line":121,"column":8},"end":{"line":121,"column":43}},{"start":{"line":121,"column":43},"end":{"line":121,"column":76}}],"line":121},"15":{"loc":{"start":{"line":123,"column":6},"end":{"line":124,"column":null}},"type":"if","locations":[{"start":{"line":123,"column":6},"end":{"line":124,"column":null}},{"start":{},"end":{}}],"line":123},"16":{"loc":{"start":{"line":126,"column":6},"end":{"line":127,"column":null}},"type":"if","locations":[{"start":{"line":126,"column":6},"end":{"line":127,"column":null}},{"start":{},"end":{}}],"line":126},"17":{"loc":{"start":{"line":183,"column":11},"end":{"line":183,"column":null}},"type":"binary-expr","locations":[{"start":{"line":183,"column":11},"end":{"line":183,"column":27}},{"start":{"line":183,"column":27},"end":{"line":183,"column":null}}],"line":183}},"s":{"0":0,"1":0,"2":0,"3":1,"4":1,"5":1,"6":1,"7":1,"8":1,"9":1,"10":1,"11":1,"12":2,"13":2,"14":2,"15":2,"16":1,"17":2,"18":1,"19":2,"20":1,"21":2,"22":1,"23":1,"24":1,"25":1,"26":1,"27":2,"28":2,"29":1,"30":1,"31":1,"32":2,"33":2,"34":1},"f":{"0":0,"1":1,"2":1,"3":1,"4":2,"5":1,"6":1,"7":1,"8":2},"b":{"0":[1],"1":[1],"2":[1],"3":[1,0],"4":[1],"5":[1],"6":[2],"7":[2],"8":[2,2],"9":[1,1],"10":[2,1],"11":[1,1],"12":[1,1],"13":[1,1],"14":[2,1],"15":[1,0],"16":[1,0],"17":[2,2]},"meta":{"lastBranch":18,"lastFunction":9,"lastStatement":35,"seen":{"f:11:8:11:18":0,"s:12:16:12:29":0,"s:13:4:13:Infinity":1,"s:14:4:14:Infinity":2,"f:20:8:20:17":1,"s:21:4:21:Infinity":3,"f:27:8:27:Infinity":2,"b:28:19:28:Infinity":0,"b:29:20:29:Infinity":1,"b:30:21:30:Infinity":2,"s:37:10:37:Infinity":4,"s:38:18:38:42":5,"b:38:27:38:37:38:40:38:42":3,"s:40:26:47:6":6,"s:49:4:54:Infinity":7,"f:60:8:60:Infinity":3,"b:62:19:62:Infinity":4,"b:63:20:63:Infinity":5,"s:70:10:70:Infinity":8,"s:71:18:71:38":9,"s:73:26:80:6":10,"s:82:4:87:Infinity":11,"f:93:8:93:Infinity":4,"b:95:19:95:Infinity":6,"b:96:20:96:Infinity":7,"s:103:10:103:Infinity":12,"s:104:43:104:45":13,"s:107:4:107:Infinity":14,"b:107:19:107:37:107:37:107:Infinity":8,"b:109:4:110:Infinity:undefined:undefined:undefined:undefined":9,"s:109:4:110:Infinity":15,"b:109:8:109:26:109:26:109:53":10,"s:110:6:110:Infinity":16,"b:113:4:114:Infinity:undefined:undefined:undefined:undefined":11,"s:113:4:114:Infinity":17,"s:114:6:114:Infinity":18,"b:117:4:118:Infinity:undefined:undefined:undefined:undefined":12,"s:117:4:118:Infinity":19,"s:118:6:118:Infinity":20,"b:121:4:127:Infinity:undefined:undefined:undefined:undefined":13,"s:121:4:127:Infinity":21,"b:121:8:121:43:121:43:121:76":14,"s:122:6:122:Infinity":22,"b:123:6:124:Infinity:undefined:undefined:undefined:undefined":15,"s:123:6:124:Infinity":23,"s:124:9:124:Infinity":24,"b:126:6:127:Infinity:undefined:undefined:undefined:undefined":16,"s:126:6:127:Infinity":25,"s:127:9:127:Infinity":26,"s:131:26:138:6":27,"s:140:4:145:Infinity":28,"f:151:8:151:18":5,"s:152:4:155:Infinity":29,"f:161:8:161:Infinity":6,"s:165:4:168:Infinity":30,"f:174:8:174:18":7,"s:175:4:175:Infinity":31,"f:181:8:181:19":8,"s:182:16:182:41":32,"s:183:4:183:Infinity":33,"b:183:11:183:27:183:27:183:Infinity":17,"s:187:26:187:42":34}}}
,"D:\\codes\\projects\\a-freelancer-marketplace-major\\backend\\src\\services\\proposals.service.ts": {"path":"D:\\codes\\projects\\a-freelancer-marketplace-major\\backend\\src\\services\\proposals.service.ts","statementMap":{"0":{"start":{"line":12,"column":21},"end":{"line":12,"column":39}},"1":{"start":{"line":13,"column":4},"end":{"line":13,"column":null}},"2":{"start":{"line":14,"column":4},"end":{"line":14,"column":null}},"3":{"start":{"line":21,"column":4},"end":{"line":24,"column":null}},"4":{"start":{"line":40,"column":10},"end":{"line":40,"column":null}},"5":{"start":{"line":41,"column":18},"end":{"line":41,"column":32}},"6":{"start":{"line":43,"column":31},"end":{"line":53,"column":6}},"7":{"start":{"line":55,"column":4},"end":{"line":60,"column":null}},"8":{"start":{"line":76,"column":10},"end":{"line":76,"column":null}},"9":{"start":{"line":77,"column":18},"end":{"line":77,"column":46}},"10":{"start":{"line":79,"column":31},"end":{"line":89,"column":6}},"11":{"start":{"line":91,"column":4},"end":{"line":96,"column":null}},"12":{"start":{"line":106,"column":4},"end":{"line":113,"column":null}},"13":{"start":{"line":123,"column":4},"end":{"line":130,"column":null}},"14":{"start":{"line":137,"column":4},"end":{"line":137,"column":null}},"15":{"start":{"line":147,"column":21},"end":{"line":150,"column":6}},"16":{"start":{"line":151,"column":4},"end":{"line":151,"column":null}},"17":{"start":{"line":158,"column":21},"end":{"line":158,"column":56}},"18":{"start":{"line":159,"column":4},"end":{"line":159,"column":null}},"19":{"start":{"line":168,"column":4},"end":{"line":174,"column":null}},"20":{"start":{"line":178,"column":31},"end":{"line":178,"column":52}}},"fnMap":{"0":{"name":"(anonymous_0)","decl":{"start":{"line":11,"column":8},"end":{"line":11,"column":23}},"loc":{"start":{"line":11,"column":69},"end":{"line":14,"column":null}},"line":11},"1":{"name":"(anonymous_1)","decl":{"start":{"line":20,"column":8},"end":{"line":20,"column":17}},"loc":{"start":{"line":20,"column":56},"end":{"line":24,"column":null}},"line":20},"2":{"name":"(anonymous_2)","decl":{"start":{"line":30,"column":8},"end":{"line":30,"column":null}},"loc":{"start":{"line":39,"column":5},"end":{"line":60,"column":null}},"line":39},"3":{"name":"(anonymous_3)","decl":{"start":{"line":66,"column":8},"end":{"line":66,"column":null}},"loc":{"start":{"line":75,"column":5},"end":{"line":96,"column":null}},"line":75},"4":{"name":"(anonymous_4)","decl":{"start":{"line":102,"column":8},"end":{"line":102,"column":null}},"loc":{"start":{"line":105,"column":31},"end":{"line":113,"column":null}},"line":105},"5":{"name":"(anonymous_5)","decl":{"start":{"line":119,"column":8},"end":{"line":119,"column":null}},"loc":{"start":{"line":122,"column":31},"end":{"line":130,"column":null}},"line":122},"6":{"name":"(anonymous_6)","decl":{"start":{"line":136,"column":8},"end":{"line":136,"column":23}},"loc":{"start":{"line":136,"column":70},"end":{"line":137,"column":null}},"line":136},"7":{"name":"(anonymous_7)","decl":{"start":{"line":143,"column":8},"end":{"line":143,"column":null}},"loc":{"start":{"line":146,"column":22},"end":{"line":151,"column":null}},"line":146},"8":{"name":"(anonymous_8)","decl":{"start":{"line":157,"column":8},"end":{"line":157,"column":24}},"loc":{"start":{"line":157,"column":78},"end":{"line":159,"column":null}},"line":157},"9":{"name":"(anonymous_9)","decl":{"start":{"line":165,"column":8},"end":{"line":165,"column":null}},"loc":{"start":{"line":167,"column":31},"end":{"line":174,"column":null}},"line":167}},"branchMap":{"0":{"loc":{"start":{"line":32,"column":4},"end":{"line":32,"column":null}},"type":"default-arg","locations":[{"start":{"line":32,"column":19},"end":{"line":32,"column":null}}],"line":32},"1":{"loc":{"start":{"line":33,"column":4},"end":{"line":33,"column":null}},"type":"default-arg","locations":[{"start":{"line":33,"column":20},"end":{"line":33,"column":null}}],"line":33},"2":{"loc":{"start":{"line":68,"column":4},"end":{"line":68,"column":null}},"type":"default-arg","locations":[{"start":{"line":68,"column":19},"end":{"line":68,"column":null}}],"line":68},"3":{"loc":{"start":{"line":69,"column":4},"end":{"line":69,"column":null}},"type":"default-arg","locations":[{"start":{"line":69,"column":20},"end":{"line":69,"column":null}}],"line":69},"4":{"loc":{"start":{"line":159,"column":11},"end":{"line":159,"column":null}},"type":"binary-expr","locations":[{"start":{"line":159,"column":11},"end":{"line":159,"column":32}},{"start":{"line":159,"column":32},"end":{"line":159,"column":null}}],"line":159}},"s":{"0":0,"1":0,"2":0,"3":1,"4":1,"5":1,"6":1,"7":1,"8":1,"9":1,"10":1,"11":1,"12":1,"13":1,"14":1,"15":2,"16":2,"17":1,"18":1,"19":1,"20":1},"f":{"0":0,"1":1,"2":1,"3":1,"4":1,"5":1,"6":1,"7":2,"8":1,"9":1},"b":{"0":[1],"1":[1],"2":[1],"3":[1],"4":[1,1]},"meta":{"lastBranch":5,"lastFunction":10,"lastStatement":21,"seen":{"f:11:8:11:23":0,"s:12:21:12:39":0,"s:13:4:13:Infinity":1,"s:14:4:14:Infinity":2,"f:20:8:20:17":1,"s:21:4:24:Infinity":3,"f:30:8:30:Infinity":2,"b:32:19:32:Infinity":0,"b:33:20:33:Infinity":1,"s:40:10:40:Infinity":4,"s:41:18:41:32":5,"s:43:31:53:6":6,"s:55:4:60:Infinity":7,"f:66:8:66:Infinity":3,"b:68:19:68:Infinity":2,"b:69:20:69:Infinity":3,"s:76:10:76:Infinity":8,"s:77:18:77:46":9,"s:79:31:89:6":10,"s:91:4:96:Infinity":11,"f:102:8:102:Infinity":4,"s:106:4:113:Infinity":12,"f:119:8:119:Infinity":5,"s:123:4:130:Infinity":13,"f:136:8:136:23":6,"s:137:4:137:Infinity":14,"f:143:8:143:Infinity":7,"s:147:21:150:6":15,"s:151:4:151:Infinity":16,"f:157:8:157:24":8,"s:158:21:158:56":17,"s:159:4:159:Infinity":18,"b:159:11:159:32:159:32:159:Infinity":4,"f:165:8:165:Infinity":9,"s:168:4:174:Infinity":19,"s:178:31:178:52":20}}}
,"D:\\codes\\projects\\a-freelancer-marketplace-major\\backend\\src\\services\\user.service.ts": {"path":"D:\\codes\\projects\\a-freelancer-marketplace-major\\backend\\src\\services\\user.service.ts","statementMap":{"0":{"start":{"line":9,"column":17},"end":{"line":9,"column":31}},"1":{"start":{"line":10,"column":4},"end":{"line":10,"column":null}},"2":{"start":{"line":11,"column":4},"end":{"line":11,"column":null}},"3":{"start":{"line":18,"column":4},"end":{"line":18,"column":null}},"4":{"start":{"line":25,"column":4},"end":{"line":25,"column":null}},"5":{"start":{"line":32,"column":4},"end":{"line":32,"column":null}},"6":{"start":{"line":39,"column":4},"end":{"line":39,"column":null}},"7":{"start":{"line":49,"column":4},"end":{"line":49,"column":null}},"8":{"start":{"line":56,"column":4},"end":{"line":56,"column":null}},"9":{"start":{"line":63,"column":17},"end":{"line":63,"column":67}},"10":{"start":{"line":64,"column":4},"end":{"line":64,"column":null}},"11":{"start":{"line":71,"column":17},"end":{"line":71,"column":49}},"12":{"start":{"line":72,"column":4},"end":{"line":72,"column":null}},"13":{"start":{"line":82,"column":4},"end":{"line":86,"column":null}},"14":{"start":{"line":90,"column":27},"end":{"line":90,"column":44}}},"fnMap":{"0":{"name":"(anonymous_0)","decl":{"start":{"line":8,"column":8},"end":{"line":8,"column":19}},"loc":{"start":{"line":8,"column":57},"end":{"line":11,"column":null}},"line":8},"1":{"name":"(anonymous_1)","decl":{"start":{"line":17,"column":8},"end":{"line":17,"column":20}},"loc":{"start":{"line":17,"column":58},"end":{"line":18,"column":null}},"line":17},"2":{"name":"(anonymous_2)","decl":{"start":{"line":24,"column":8},"end":{"line":24,"column":23}},"loc":{"start":{"line":24,"column":64},"end":{"line":25,"column":null}},"line":24},"3":{"name":"(anonymous_3)","decl":{"start":{"line":31,"column":8},"end":{"line":31,"column":17}},"loc":{"start":{"line":31,"column":52},"end":{"line":32,"column":null}},"line":31},"4":{"name":"(anonymous_4)","decl":{"start":{"line":38,"column":8},"end":{"line":38,"column":21}},"loc":{"start":{"line":38,"column":56},"end":{"line":39,"column":null}},"line":38},"5":{"name":"(anonymous_5)","decl":{"start":{"line":45,"column":8},"end":{"line":45,"column":null}},"loc":{"start":{"line":48,"column":19},"end":{"line":49,"column":null}},"line":48},"6":{"name":"(anonymous_6)","decl":{"start":{"line":55,"column":8},"end":{"line":55,"column":27}},"loc":{"start":{"line":55,"column":65},"end":{"line":56,"column":null}},"line":55},"7":{"name":"(anonymous_7)","decl":{"start":{"line":62,"column":8},"end":{"line":62,"column":20}},"loc":{"start":{"line":62,"column":53},"end":{"line":64,"column":null}},"line":62},"8":{"name":"(anonymous_8)","decl":{"start":{"line":70,"column":8},"end":{"line":70,"column":23}},"loc":{"start":{"line":70,"column":59},"end":{"line":72,"column":null}},"line":70},"9":{"name":"(anonymous_9)","decl":{"start":{"line":78,"column":8},"end":{"line":78,"column":null}},"loc":{"start":{"line":81,"column":27},"end":{"line":86,"column":null}},"line":81}},"branchMap":{},"s":{"0":0,"1":0,"2":0,"3":1,"4":1,"5":1,"6":1,"7":1,"8":1,"9":2,"10":2,"11":1,"12":1,"13":1,"14":1},"f":{"0":0,"1":1,"2":1,"3":1,"4":1,"5":1,"6":1,"7":2,"8":1,"9":1},"b":{},"meta":{"lastBranch":0,"lastFunction":10,"lastStatement":15,"seen":{"f:8:8:8:19":0,"s:9:17:9:31":0,"s:10:4:10:Infinity":1,"s:11:4:11:Infinity":2,"f:17:8:17:20":1,"s:18:4:18:Infinity":3,"f:24:8:24:23":2,"s:25:4:25:Infinity":4,"f:31:8:31:17":3,"s:32:4:32:Infinity":5,"f:38:8:38:21":4,"s:39:4:39:Infinity":6,"f:45:8:45:Infinity":5,"s:49:4:49:Infinity":7,"f:55:8:55:27":6,"s:56:4:56:Infinity":8,"f:62:8:62:20":7,"s:63:17:63:67":9,"s:64:4:64:Infinity":10,"f:70:8:70:23":8,"s:71:17:71:49":11,"s:72:4:72:Infinity":12,"f:78:8:78:Infinity":9,"s:82:4:86:Infinity":13,"s:90:27:90:44":14}}}
,"D:\\codes\\projects\\a-freelancer-marketplace-major\\backend\\src\\utils\\jwt.util.ts": {"path":"D:\\codes\\projects\\a-freelancer-marketplace-major\\backend\\src\\utils\\jwt.util.ts","statementMap":{"0":{"start":{"line":9,"column":13},"end":{"line":17,"column":null}},"1":{"start":{"line":10,"column":17},"end":{"line":10,"column":null}},"2":{"start":{"line":11,"column":2},"end":{"line":12,"column":null}},"3":{"start":{"line":12,"column":4},"end":{"line":12,"column":null}},"4":{"start":{"line":15,"column":2},"end":{"line":17,"column":null}},"5":{"start":{"line":20,"column":13},"end":{"line":28,"column":null}},"6":{"start":{"line":21,"column":24},"end":{"line":21,"column":null}},"7":{"start":{"line":22,"column":2},"end":{"line":23,"column":null}},"8":{"start":{"line":23,"column":4},"end":{"line":23,"column":null}},"9":{"start":{"line":26,"column":2},"end":{"line":28,"column":null}},"10":{"start":{"line":31,"column":13},"end":{"line":40,"column":null}},"11":{"start":{"line":32,"column":17},"end":{"line":32,"column":null}},"12":{"start":{"line":33,"column":2},"end":{"line":34,"column":null}},"13":{"start":{"line":34,"column":4},"end":{"line":34,"column":null}},"14":{"start":{"line":37,"column":2},"end":{"line":40,"column":null}},"15":{"start":{"line":38,"column":4},"end":{"line":38,"column":null}},"16":{"start":{"line":40,"column":4},"end":{"line":40,"column":null}},"17":{"start":{"line":44,"column":13},"end":{"line":53,"column":null}},"18":{"start":{"line":45,"column":24},"end":{"line":45,"column":null}},"19":{"start":{"line":46,"column":2},"end":{"line":47,"column":null}},"20":{"start":{"line":47,"column":4},"end":{"line":47,"column":null}},"21":{"start":{"line":50,"column":2},"end":{"line":53,"column":null}},"22":{"start":{"line":51,"column":4},"end":{"line":51,"column":null}},"23":{"start":{"line":53,"column":4},"end":{"line":53,"column":null}}},"fnMap":{"0":{"name":"(anonymous_0)","decl":{"start":{"line":9,"column":13},"end":{"line":9,"column":36}},"loc":{"start":{"line":9,"column":63},"end":{"line":17,"column":null}},"line":9},"1":{"name":"(anonymous_1)","decl":{"start":{"line":20,"column":13},"end":{"line":20,"column":37}},"loc":{"start":{"line":20,"column":64},"end":{"line":28,"column":null}},"line":20},"2":{"name":"(anonymous_2)","decl":{"start":{"line":31,"column":13},"end":{"line":31,"column":34}},"loc":{"start":{"line":31,"column":71},"end":{"line":40,"column":null}},"line":31},"3":{"name":"(anonymous_3)","decl":{"start":{"line":44,"column":13},"end":{"line":44,"column":35}},"loc":{"start":{"line":44,"column":72},"end":{"line":53,"column":null}},"line":44}},"branchMap":{"0":{"loc":{"start":{"line":11,"column":2},"end":{"line":12,"column":null}},"type":"if","locations":[{"start":{"line":11,"column":2},"end":{"line":12,"column":null}},{"start":{},"end":{}}],"line":11},"1":{"loc":{"start":{"line":22,"column":2},"end":{"line":23,"column":null}},"type":"if","locations":[{"start":{"line":22,"column":2},"end":{"line":23,"column":null}},{"start":{},"end":{}}],"line":22},"2":{"loc":{"start":{"line":33,"column":2},"end":{"line":34,"column":null}},"type":"if","locations":[{"start":{"line":33,"column":2},"end":{"line":34,"column":null}},{"start":{},"end":{}}],"line":33},"3":{"loc":{"start":{"line":46,"column":2},"end":{"line":47,"column":null}},"type":"if","locations":[{"start":{"line":46,"column":2},"end":{"line":47,"column":null}},{"start":{},"end":{}}],"line":46}},"s":{"0":1,"1":2,"2":2,"3":1,"4":1,"5":1,"6":2,"7":2,"8":1,"9":1,"10":1,"11":2,"12":2,"13":0,"14":2,"15":2,"16":1,"17":1,"18":2,"19":2,"20":0,"21":2,"22":2,"23":1},"f":{"0":2,"1":2,"2":2,"3":2},"b":{"0":[1,1],"1":[1,1],"2":[0,2],"3":[0,2]},"meta":{"lastBranch":4,"lastFunction":4,"lastStatement":24,"seen":{"s:9:13:17:Infinity":0,"f:9:13:9:36":0,"s:10:17:10:Infinity":1,"b:11:2:12:Infinity:undefined:undefined:undefined:undefined":0,"s:11:2:12:Infinity":2,"s:12:4:12:Infinity":3,"s:15:2:17:Infinity":4,"s:20:13:28:Infinity":5,"f:20:13:20:37":1,"s:21:24:21:Infinity":6,"b:22:2:23:Infinity:undefined:undefined:undefined:undefined":1,"s:22:2:23:Infinity":7,"s:23:4:23:Infinity":8,"s:26:2:28:Infinity":9,"s:31:13:40:Infinity":10,"f:31:13:31:34":2,"s:32:17:32:Infinity":11,"b:33:2:34:Infinity:undefined:undefined:undefined:undefined":2,"s:33:2:34:Infinity":12,"s:34:4:34:Infinity":13,"s:37:2:40:Infinity":14,"s:38:4:38:Infinity":15,"s:40:4:40:Infinity":16,"s:44:13:53:Infinity":17,"f:44:13:44:35":3,"s:45:24:45:Infinity":18,"b:46:2:47:Infinity:undefined:undefined:undefined:undefined":3,"s:46:2:47:Infinity":19,"s:47:4:47:Infinity":20,"s:50:2:53:Infinity":21,"s:51:4:51:Infinity":22,"s:53:4:53:Infinity":23}}}
}
